<?xml version="1.0" encoding="UTF-8"?>
<!-- Generated by org.testng.reporters.JUnitReportReporter -->
<testsuite hostname="LAPTOP-5LCRLD5T" failures="0" tests="3" name="batchexcection.sample3" time="0.010" errors="0" timestamp="2023-12-29T10:00:47 IST" skipped="0">
  <testcase classname="batchexcection.sample3" name="tc9" time="0.001"/>
  <system-out>
    <![CDATA[running tc9]]>
  </system-out>
  <testcase classname="batchexcection.sample3" name="tc7" time="0.007"/>
  <system-out>
    <![CDATA[running tc7]]>
  </system-out>
  <testcase classname="batchexcection.sample3" name="tc8" time="0.002"/>
  <system-out>
    <![CDATA[running tc8]]>
  </system-out>
</testsuite> <!-- batchexcection.sample3 -->
