<?xml version="1.0" encoding="UTF-8"?>
<!-- Generated by org.testng.reporters.JUnitReportReporter -->
<testsuite hostname="LAPTOP-5LCRLD5T" failures="0" tests="10" name="practice.Invocation" time="0.013" errors="0" timestamp="2023-12-22T10:11:47 IST" skipped="0">
  <testcase classname="practice.Invocation" name="tc" time="0.007"/>
  <system-out>
    <![CDATA[running tc1]]>
  </system-out>
  <testcase classname="practice.Invocation" name="tc" time="0.001"/>
  <system-out>
    <![CDATA[running tc1]]>
  </system-out>
  <testcase classname="practice.Invocation" name="tc" time="0.001"/>
  <system-out>
    <![CDATA[running tc1]]>
  </system-out>
  <testcase classname="practice.Invocation" name="tc" time="0.001"/>
  <system-out>
    <![CDATA[running tc1]]>
  </system-out>
  <testcase classname="practice.Invocation" name="tc" time="0.001"/>
  <system-out>
    <![CDATA[running tc1]]>
  </system-out>
  <testcase classname="practice.Invocation" name="tc" time="0.000"/>
  <system-out>
    <![CDATA[running tc1]]>
  </system-out>
  <testcase classname="practice.Invocation" name="tc" time="0.000"/>
  <system-out>
    <![CDATA[running tc1]]>
  </system-out>
  <testcase classname="practice.Invocation" name="tc" time="0.002"/>
  <system-out>
    <![CDATA[running tc1]]>
  </system-out>
  <testcase classname="practice.Invocation" name="tc" time="0.000"/>
  <system-out>
    <![CDATA[running tc1]]>
  </system-out>
  <testcase classname="practice.Invocation" name="tc" time="0.000"/>
  <system-out>
    <![CDATA[running tc1]]>
  </system-out>
</testsuite> <!-- practice.Invocation -->
