<?xml version="1.0" encoding="UTF-8"?>
<!-- Generated by org.testng.reporters.JUnitReportReporter -->
<testsuite hostname="LAPTOP-5LCRLD5T" failures="0" tests="1" name="parallelexecution.parallel1" time="13.774" errors="0" timestamp="2024-01-02T16:48:52 IST" skipped="0">
  <testcase classname="parallelexecution.parallel1" name="tc1" time="13.774"/>
  <system-out/>
</testsuite> <!-- parallelexecution.parallel1 -->
