<?xml version="1.0" encoding="UTF-8"?>
<!-- Generated by org.testng.reporters.JUnitReportReporter -->
<testsuite hostname="LAPTOP-5LCRLD5T" failures="0" tests="3" name="practice.timeout" time="0.014" errors="0" timestamp="2023-12-27T09:32:26 IST" skipped="0">
  <testcase classname="practice.timeout" name="tc2" time="0.012"/>
  <system-out>
    <![CDATA[running tc2]]>
  </system-out>
  <testcase classname="practice.timeout" name="tc3" time="0.001"/>
  <system-out>
    <![CDATA[running tc3]]>
  </system-out>
  <testcase classname="practice.timeout" name="tc5" time="0.001"/>
  <system-out>
    <![CDATA[running tc5]]>
  </system-out>
</testsuite> <!-- practice.timeout -->
