<?xml version="1.0" encoding="UTF-8"?>
<!-- Generated by org.testng.reporters.JUnitReportReporter -->
<testsuite hostname="LAPTOP-5LCRLD5T" failures="0" tests="3" name="batchexcection.sample1" time="0.003" errors="0" timestamp="2023-12-29T10:00:47 IST" skipped="0">
  <testcase classname="batchexcection.sample1" name="tc1" time="0.001"/>
  <system-out>
    <![CDATA[running tc1]]>
  </system-out>
  <testcase classname="batchexcection.sample1" name="tc3" time="0.001"/>
  <system-out>
    <![CDATA[running tc3]]>
  </system-out>
  <testcase classname="batchexcection.sample1" name="tc2" time="0.001"/>
  <system-out>
    <![CDATA[running tc2]]>
  </system-out>
</testsuite> <!-- batchexcection.sample1 -->
