<?xml version="1.0" encoding="UTF-8"?>
<!-- Generated by org.testng.reporters.JUnitReportReporter -->
<testsuite hostname="LAPTOP-5LCRLD5T" failures="0" tests="1" name="practice.priority" time="0.007" errors="0" timestamp="2023-12-22T09:57:45 IST" skipped="0">
  <testcase classname="practice.priority" name="tc2" time="0.007"/>
  <system-out>
    <![CDATA[running tc2]]>
  </system-out>
</testsuite> <!-- practice.priority -->
