<?xml version="1.0" encoding="UTF-8"?>
<!-- Generated by org.testng.reporters.JUnitReportReporter -->
<testsuite hostname="LAPTOP-5LCRLD5T" failures="0" tests="2" name="practice.dependsmethod" time="0.009" errors="0" timestamp="2023-12-30T21:17:41 IST" skipped="0">
  <testcase classname="practice.dependsmethod" name="logout" time="0.001"/>
  <system-out>
    <![CDATA[Running logout]]>
  </system-out>
  <testcase classname="practice.dependsmethod" name="login1" time="0.008"/>
  <system-out>
    <![CDATA[Running login1]]>
  </system-out>
</testsuite> <!-- practice.dependsmethod -->
