<?xml version="1.0" encoding="UTF-8"?>
<!-- Generated by org.testng.reporters.JUnitReportReporter -->
<testsuite hostname="LAPTOP-5LCRLD5T" failures="0" tests="1" name="practice.A" time="0.007" errors="0" timestamp="2023-12-27T09:51:20 IST" skipped="0">
  <testcase classname="practice.A" name="TC1" time="0.007"/>
  <system-out>
    <![CDATA[Hii gm]]>
  </system-out>
</testsuite> <!-- practice.A -->
