<?xml version="1.0" encoding="UTF-8"?>
<!-- Generated by org.testng.reporters.JUnitReportReporter -->
<testsuite hostname="LAPTOP-5LCRLD5T" failures="0" tests="2" name="practice.disable" time="0.008" errors="0" timestamp="2024-01-04T10:01:24 IST" skipped="0">
  <testcase classname="practice.disable" name="tc1" time="0.006"/>
  <system-out>
    <![CDATA[running tc1]]>
  </system-out>
  <testcase classname="practice.disable" name="tc2" time="0.002"/>
  <system-out>
    <![CDATA[running tc2]]>
  </system-out>
</testsuite> <!-- practice.disable -->
