<?xml version="1.0" encoding="UTF-8"?>
<!-- Generated by org.testng.reporters.JUnitReportReporter -->
<testsuite hostname="LAPTOP-5LCRLD5T" failures="0" tests="2" name="practice.softassert" time="0.011" errors="0" timestamp="2024-01-27T19:00:01 IST" skipped="0">
  <testcase classname="practice.softassert" name="sample" time="0.009"/>
  <system-out/>
  <testcase classname="practice.softassert" name="sample2" time="0.002"/>
  <system-out>
    <![CDATA[hello]]>
  </system-out>
</testsuite> <!-- practice.softassert -->
